#
# There is insufficient memory for the Java Runtime Environment to continue.
# Native memory allocation (malloc) failed to allocate 1254896 bytes for Chunk::new
# Possible reasons:
#   The system is out of physical RAM or swap space
#   The process is running with CompressedOops enabled, and the Java Heap may be blocking the growth of the native heap
# Possible solutions:
#   Reduce memory load on the system
#   Increase physical memory or swap space
#   Check if swap backing store is full
#   Decrease Java heap size (-Xmx/-Xms)
#   Decrease number of Java threads
#   Decrease Java thread stack sizes (-Xss)
#   Set larger code cache with -XX:ReservedCodeCacheSize=
#   JVM is running with Unscaled Compressed Oops mode in which the Java heap is
#     placed in the first 4GB address space. The Java Heap base address is the
#     maximum limit for the native heap growth. Please use -XX:HeapBaseMinAddress
#     to set the Java Heap base and to place the Java Heap above 4GB virtual address.
# This output file may be truncated or incomplete.
#
#  Out of Memory Error (allocation.cpp:389), pid=7764, tid=0x00000000000028c0
#
# JRE version: OpenJDK Runtime Environment (8.0_212-b04) (build 1.8.0_212-release-1586-b04)
# Java VM: OpenJDK 64-Bit Server VM (25.212-b04 mixed mode windows-amd64 compressed oops)
# Failed to write core dump. Minidumps are not enabled by default on client versions of Windows
#

---------------  T H R E A D  ---------------

Current thread (0x00000000186c2800):  JavaThread "C2 CompilerThread2" daemon [_thread_in_native, id=10432, stack(0x00000000191b0000,0x00000000192b0000)]

Stack: [0x00000000191b0000,0x00000000192b0000]
[error occurred during error reporting (printing stack bounds), id 0xc0000005]

Native frames: (J=compiled Java code, j=interpreted, Vv=VM code, C=native code)


Current CompileTask:
C2:  13084 9527       4       java.io.ObjectInputStream::readClassDesc (128 bytes)


---------------  P R O C E S S  ---------------

Java Threads: ( => current thread )
  0x0000000019bc2800 JavaThread "stdout" [_thread_in_native, id=4420, stack(0x00000000283a0000,0x00000000284a0000)]
  0x0000000019bbd800 JavaThread "stderr" [_thread_in_native, id=8444, stack(0x00000000282a0000,0x00000000283a0000)]
  0x0000000019bc2000 JavaThread "stdout" [_thread_in_native, id=10340, stack(0x00000000281a0000,0x00000000282a0000)]
  0x0000000019bc4000 JavaThread "stderr" [_thread_in_native, id=9508, stack(0x00000000280a0000,0x00000000281a0000)]
  0x0000000019bc0800 JavaThread "stdout" [_thread_in_native, id=9904, stack(0x0000000027e40000,0x0000000027f40000)]
  0x0000000019bb9000 JavaThread "stderr" [_thread_in_native, id=5008, stack(0x0000000027d40000,0x0000000027e40000)]
  0x0000000019bbc000 JavaThread "stdout" [_thread_in_native, id=10372, stack(0x0000000027b10000,0x0000000027c10000)]
  0x0000000019bbc800 JavaThread "stderr" [_thread_in_native, id=2692, stack(0x0000000027a10000,0x0000000027b10000)]
  0x0000000019bbf000 JavaThread "stdout" [_thread_in_native, id=9600, stack(0x0000000027910000,0x0000000027a10000)]
  0x0000000019bbb000 JavaThread "stderr" [_thread_in_native, id=7996, stack(0x0000000027810000,0x0000000027910000)]
  0x0000000019bba800 JavaThread "stdout" [_thread_in_native, id=8752, stack(0x0000000027710000,0x0000000027810000)]
  0x0000000019bbf800 JavaThread "stderr" [_thread_in_native, id=10476, stack(0x0000000027610000,0x0000000027710000)]
  0x0000000019bb9800 JavaThread "stdout" [_thread_in_native, id=3428, stack(0x0000000027510000,0x0000000027610000)]
  0x000000001e8c2000 JavaThread "stderr" [_thread_in_native, id=9908, stack(0x0000000027410000,0x0000000027510000)]
  0x000000001e8c0800 JavaThread "WorkerExecutor Queue Thread 8" [_thread_blocked, id=10156, stack(0x0000000027310000,0x0000000027410000)]
  0x000000001e8c1000 JavaThread "WorkerExecutor Queue Thread 7" [_thread_blocked, id=9640, stack(0x0000000027210000,0x0000000027310000)]
  0x000000001e8bf800 JavaThread "WorkerExecutor Queue Thread 6" [_thread_blocked, id=2992, stack(0x0000000027110000,0x0000000027210000)]
  0x000000001e8c3800 JavaThread "WorkerExecutor Queue Thread 5" [_thread_blocked, id=5980, stack(0x0000000027010000,0x0000000027110000)]
  0x000000001e8bf000 JavaThread "WorkerExecutor Queue Thread 4" [_thread_blocked, id=7008, stack(0x0000000026f10000,0x0000000027010000)]
  0x000000001e8be000 JavaThread "WorkerExecutor Queue Thread 3" [_thread_blocked, id=4292, stack(0x0000000026e10000,0x0000000026f10000)]
  0x000000001e8bc800 JavaThread "WorkerExecutor Queue Thread 2" [_thread_blocked, id=1360, stack(0x0000000026d10000,0x0000000026e10000)]
  0x000000001e8b7000 JavaThread "stdout" [_thread_in_native, id=7936, stack(0x0000000026a10000,0x0000000026b10000)]
  0x000000001e8b4000 JavaThread "stderr" [_thread_in_native, id=9264, stack(0x0000000026910000,0x0000000026a10000)]
  0x000000001e8b9800 JavaThread "pool-2-thread-1" [_thread_blocked, id=9020, stack(0x0000000026810000,0x0000000026910000)]
  0x000000001e8bb000 JavaThread "WorkerExecutor Queue" [_thread_blocked, id=5744, stack(0x0000000026710000,0x0000000026810000)]
  0x000000001e8ba000 JavaThread "Cache worker for execution history cache (D:\Prog. Mobile\Progetto_Mobile\.gradle\5.6.4\executionHistory)" [_thread_blocked, id=4900, stack(0x0000000026610000,0x0000000026710000)]
  0x000000001e8b5800 JavaThread "Execution worker for ':' Thread 7" [_thread_blocked, id=10656, stack(0x0000000026110000,0x0000000026210000)]
  0x000000001f48d800 JavaThread "Execution worker for ':' Thread 6" [_thread_in_native, id=10904, stack(0x0000000026010000,0x0000000026110000)]
  0x000000001f48f000 JavaThread "Execution worker for ':' Thread 5" [_thread_blocked, id=2428, stack(0x0000000024f00000,0x0000000025000000)]
  0x000000001f48e000 JavaThread "Execution worker for ':' Thread 4" [_thread_blocked, id=9928, stack(0x0000000024e00000,0x0000000024f00000)]
  0x000000001f48f800 JavaThread "Execution worker for ':' Thread 3" [_thread_blocked, id=496, stack(0x0000000024d00000,0x0000000024e00000)]
  0x000000001f48c800 JavaThread "Execution worker for ':' Thread 2" [_thread_blocked, id=8812, stack(0x0000000024c00000,0x0000000024d00000)]
  0x000000001f48c000 JavaThread "Execution worker for ':'" [_thread_blocked, id=10288, stack(0x0000000024800000,0x0000000024900000)]
  0x000000001f48b000 JavaThread "Cache worker for file content cache (D:\Prog. Mobile\Progetto_Mobile\.gradle\5.6.4\fileContent)" [_thread_blocked, id=6504, stack(0x0000000024500000,0x0000000024600000)]
  0x000000001f48a800 JavaThread "Cache worker for file content cache (C:\Users\Alesi\.gradle\caches\5.6.4\fileContent)" [_thread_blocked, id=10304, stack(0x0000000024400000,0x0000000024500000)]
  0x000000001f483800 JavaThread "Memory manager" [_thread_blocked, id=10196, stack(0x0000000024300000,0x0000000024400000)]
  0x000000001f483000 JavaThread "Cache worker for Build Output Cleanup Cache (D:\Prog. Mobile\Progetto_Mobile\.gradle\buildOutputCleanup)" [_thread_blocked, id=9468, stack(0x0000000023800000,0x0000000023900000)]
  0x000000001f489800 JavaThread "Build operations Thread 8" [_thread_blocked, id=9720, stack(0x0000000023100000,0x0000000023200000)]
  0x000000001f482000 JavaThread "Build operations Thread 7" [_thread_blocked, id=2184, stack(0x0000000023000000,0x0000000023100000)]
  0x000000001f486000 JavaThread "Build operations Thread 6" [_thread_blocked, id=4120, stack(0x0000000022f00000,0x0000000023000000)]
  0x000000001f489000 JavaThread "Build operations Thread 5" [_thread_blocked, id=2448, stack(0x0000000021d50000,0x0000000021e50000)]
  0x000000001f481000 JavaThread "Build operations Thread 4" [_thread_blocked, id=9500, stack(0x00000000219f0000,0x0000000021af0000)]
  0x000000001f484800 JavaThread "Build operations Thread 3" [_thread_blocked, id=3928, stack(0x00000000218f0000,0x00000000219f0000)]
  0x000000001f486800 JavaThread "Build operations Thread 2" [_thread_blocked, id=8904, stack(0x00000000217f0000,0x00000000218f0000)]
  0x000000001f480800 JavaThread "Build operations" [_thread_blocked, id=10488, stack(0x00000000216f0000,0x00000000217f0000)]
  0x000000001b0b6000 JavaThread "Cache worker for execution history cache (C:\Users\Alesi\.gradle\caches\5.6.4\executionHistory)" [_thread_blocked, id=4496, stack(0x00000000215f0000,0x00000000216f0000)]
  0x000000001b0b5000 JavaThread "Cache worker for cache directory md-rule (C:\Users\Alesi\.gradle\caches\5.6.4\md-rule)" [_thread_blocked, id=3544, stack(0x00000000214f0000,0x00000000215f0000)]
  0x000000001b0b4800 JavaThread "Cache worker for cache directory md-supplier (C:\Users\Alesi\.gradle\caches\5.6.4\md-supplier)" [_thread_blocked, id=760, stack(0x00000000213f0000,0x00000000214f0000)]
  0x000000001b0b8000 JavaThread "Cache worker for file hash cache (D:\Prog. Mobile\Progetto_Mobile\.gradle\5.6.4\fileHashes)" [_thread_blocked, id=7648, stack(0x000000001f690000,0x000000001f790000)]
  0x000000001b0b9000 JavaThread "Cache worker for journal cache (C:\Users\Alesi\.gradle\caches\journal-1)" [_thread_blocked, id=10084, stack(0x000000001d3f0000,0x000000001d4f0000)]
  0x000000001b0b2000 JavaThread "File lock request listener" [_thread_in_native, id=9540, stack(0x000000001d2f0000,0x000000001d3f0000)]
  0x000000001b0a2800 JavaThread "Cache worker for file hash cache (C:\Users\Alesi\.gradle\caches\5.6.4\fileHashes)" [_thread_blocked, id=8592, stack(0x000000001d1f0000,0x000000001d2f0000)]
  0x000000001b05b800 JavaThread "Thread-9" [_thread_blocked, id=3128, stack(0x000000001cef0000,0x000000001cff0000)]
  0x000000001b05d000 JavaThread "Stdin handler" [_thread_blocked, id=10872, stack(0x000000001cdf0000,0x000000001cef0000)]
  0x000000001aff1000 JavaThread "Asynchronous log dispatcher for DefaultDaemonConnection: socket connection from /127.0.0.1:64481 to /127.0.0.1:64482" [_thread_blocked, id=6000, stack(0x000000001ccf0000,0x000000001cdf0000)]
  0x000000001b05f000 JavaThread "Daemon worker" [_thread_blocked, id=7340, stack(0x000000001cbf0000,0x000000001ccf0000)]
  0x000000001b05e000 JavaThread "Cancel handler" [_thread_blocked, id=3496, stack(0x000000001caf0000,0x000000001cbf0000)]
  0x000000001b003000 JavaThread "Handler for socket connection from /127.0.0.1:64481 to /127.0.0.1:64482" [_thread_in_native, id=10028, stack(0x000000001c7f0000,0x000000001c8f0000)]
  0x000000001affc800 JavaThread "Daemon" [_thread_blocked, id=9684, stack(0x000000001c6f0000,0x000000001c7f0000)]
  0x000000001afbd800 JavaThread "Daemon periodic checks" [_thread_blocked, id=6396, stack(0x000000001c5f0000,0x000000001c6f0000)]
  0x000000001af73000 JavaThread "Incoming local TCP Connector on port 64481" [_thread_in_native, id=9968, stack(0x000000001c390000,0x000000001c490000)]
  0x000000001aeec800 JavaThread "Daemon health stats" [_thread_blocked, id=10732, stack(0x000000001bd50000,0x000000001be50000)]
  0x0000000018757800 JavaThread "Service Thread" daemon [_thread_blocked, id=2980, stack(0x00000000193b0000,0x00000000194b0000)]
  0x00000000168dd800 JavaThread "C1 CompilerThread3" daemon [_thread_blocked, id=7436, stack(0x00000000192b0000,0x00000000193b0000)]
=>0x00000000186c2800 JavaThread "C2 CompilerThread2" daemon [_thread_in_native, id=10432, stack(0x00000000191b0000,0x00000000192b0000)]
  0x00000000186c0000 JavaThread "C2 CompilerThread1" daemon [_thread_in_native, id=6516, stack(0x00000000190b0000,0x00000000191b0000)]
  0x00000000186b9800 JavaThread "C2 CompilerThread0" daemon [_thread_in_native, id=9996, stack(0x0000000018fb0000,0x00000000190b0000)]
  0x00000000186c6000 JavaThread "Attach Listener" daemon [_thread_blocked, id=6964, stack(0x0000000018eb0000,0x0000000018fb0000)]
  0x00000000186c5000 JavaThread "Signal Dispatcher" daemon [_thread_blocked, id=4204, stack(0x0000000018db0000,0x0000000018eb0000)]
  0x0000000002b0e000 JavaThread "Finalizer" daemon [_thread_blocked, id=9260, stack(0x0000000018b90000,0x0000000018c90000)]
  0x00000000168cc800 JavaThread "Reference Handler" daemon [_thread_blocked, id=5400, stack(0x0000000018a90000,0x0000000018b90000)]
  0x0000000002a0d800 JavaThread "main" [_thread_blocked, id=9160, stack(0x0000000002890000,0x0000000002990000)]

Other Threads:
  0x00000000168c6000 VMThread [stack: 0x0000000018590000,0x0000000018690000] [id=10504]
  0x0000000018758000 WatcherThread [stack: 0x00000000194b0000,0x00000000195b0000] [id=6900]

VM state:not at safepoint (normal execution)

VM Mutex/Monitor currently owned by a thread: None

heap address: 0x00000000a0000000, size: 1536 MB, Compressed Oops mode: 32-bit
Narrow klass base: 0x0000000000000000, Narrow klass shift: 3
Compressed class space size: 1073741824 Address: 0x0000000100000000

Heap:
 PSYoungGen      total 427008K, used 33493K [0x00000000e0000000, 0x0000000100000000, 0x0000000100000000)
  eden space 400896K, 3% used [0x00000000e0000000,0x00000000e0f9b240,0x00000000f8780000)
  from space 26112K, 67% used [0x00000000f8780000,0x00000000f989a2d8,0x00000000fa100000)
  to   space 26624K, 0% used [0x00000000fe600000,0x00000000fe600000,0x0000000100000000)
 ParOldGen       total 164864K, used 36412K [0x00000000a0000000, 0x00000000aa100000, 0x00000000e0000000)
  object space 164864K, 22% used [0x00000000a0000000,0x00000000a238f010,0x00000000aa100000)
 Metaspace       used 63551K, capacity 66276K, committed 66432K, reserved 1105920K
  class space    used 8632K, capacity 9240K, committed 9344K, reserved 1048576K

Card table byte_map: [0x0000000011ed0000,0x00000000121e0000] byte_map_base: 0x00000000119d0000

Marking Bits: (ParMarkBitMap*) 0x0000000062c49f30
 Begin Bits: [0x0000000012be0000, 0x00000000143e0000)
 End Bits:   [0x00000000143e0000, 0x0000000015be0000)

Polling page: 0x0000000000c10000

CodeCache: size=245760Kb used=27970Kb max_used=28113Kb free=217789Kb
 bounds [0x0000000002b10000, 0x00000000046d0000, 0x0000000011b10000]
 total_blobs=9274 nmethods=8466 adapters=720
 compilation: enabled

Compilation events (10 events):
Event: 13.069 Thread 0x00000000168dd800 9676       3       java.util.zip.ZipFile::finalize (5 bytes)
Event: 13.069 Thread 0x00000000168dd800 nmethod 9676 0x00000000034b6390 code [0x00000000034b6500, 0x00000000034b6708]
Event: 13.075 Thread 0x00000000168dd800 9678       3       com.google.common.collect.Interners$InternerImpl::intern (50 bytes)
Event: 13.076 Thread 0x00000000168dd800 nmethod 9678 0x0000000003468210 code [0x0000000003468480, 0x0000000003469378]
Event: 13.077 Thread 0x00000000168dd800 9679       1       org.gradle.api.internal.file.collections.ListBackedFileSet::getFiles (5 bytes)
Event: 13.077 Thread 0x00000000168dd800 nmethod 9679 0x0000000003509950 code [0x0000000003509aa0, 0x0000000003509bb0]
Event: 13.079 Thread 0x00000000168dd800 9680       3       com.android.build.gradle.internal.scope.VariantScopeImpl::getVariantConfiguration (8 bytes)
Event: 13.079 Thread 0x00000000168dd800 nmethod 9680 0x00000000034b5f90 code [0x00000000034b60e0, 0x00000000034b62d0]
Event: 13.081 Thread 0x00000000168dd800 9681       1       java.util.stream.MatchOps$MatchKind::access$100 (5 bytes)
Event: 13.082 Thread 0x00000000168dd800 nmethod 9681 0x0000000002c64f50 code [0x0000000002c650a0, 0x0000000002c65190]

GC Heap History (10 events):
Event: 5.620 GC heap before
{Heap before GC invocations=8 (full 2):
 PSYoungGen      total 244736K, used 10424K [0x00000000e0000000, 0x00000000f0300000, 0x0000000100000000)
  eden space 233984K, 0% used [0x00000000e0000000,0x00000000e0000000,0x00000000ee480000)
  from space 10752K, 96% used [0x00000000ef880000,0x00000000f02ae338,0x00000000f0300000)
  to   space 14848K, 0% used [0x00000000ee600000,0x00000000ee600000,0x00000000ef480000)
 ParOldGen       total 84480K, used 9475K [0x00000000a0000000, 0x00000000a5280000, 0x00000000e0000000)
  object space 84480K, 11% used [0x00000000a0000000,0x00000000a0940c90,0x00000000a5280000)
 Metaspace       used 34556K, capacity 35426K, committed 35456K, reserved 1079296K
  class space    used 4756K, capacity 4982K, committed 4992K, reserved 1048576K
Event: 5.657 GC heap after
Heap after GC invocations=8 (full 2):
 PSYoungGen      total 244736K, used 0K [0x00000000e0000000, 0x00000000f0300000, 0x0000000100000000)
  eden space 233984K, 0% used [0x00000000e0000000,0x00000000e0000000,0x00000000ee480000)
  from space 10752K, 0% used [0x00000000ef880000,0x00000000ef880000,0x00000000f0300000)
  to   space 14848K, 0% used [0x00000000ee600000,0x00000000ee600000,0x00000000ef480000)
 ParOldGen       total 113152K, used 17239K [0x00000000a0000000, 0x00000000a6e80000, 0x00000000e0000000)
  object space 113152K, 15% used [0x00000000a0000000,0x00000000a10d5cd0,0x00000000a6e80000)
 Metaspace       used 34518K, capacity 35300K, committed 35456K, reserved 1079296K
  class space    used 4744K, capacity 4961K, committed 4992K, reserved 1048576K
}
Event: 7.449 GC heap before
{Heap before GC invocations=9 (full 2):
 PSYoungGen      total 244736K, used 233984K [0x00000000e0000000, 0x00000000f0300000, 0x0000000100000000)
  eden space 233984K, 100% used [0x00000000e0000000,0x00000000ee480000,0x00000000ee480000)
  from space 10752K, 0% used [0x00000000ef880000,0x00000000ef880000,0x00000000f0300000)
  to   space 14848K, 0% used [0x00000000ee600000,0x00000000ee600000,0x00000000ef480000)
 ParOldGen       total 113152K, used 17239K [0x00000000a0000000, 0x00000000a6e80000, 0x00000000e0000000)
  object space 113152K, 15% used [0x00000000a0000000,0x00000000a10d5cd0,0x00000000a6e80000)
 Metaspace       used 53356K, capacity 55070K, committed 55168K, reserved 1097728K
  class space    used 7322K, capacity 7735K, committed 7808K, reserved 1048576K
Event: 7.477 GC heap after
Heap after GC invocations=9 (full 2):
 PSYoungGen      total 250368K, used 14817K [0x00000000e0000000, 0x00000000fba00000, 0x0000000100000000)
  eden space 235520K, 0% used [0x00000000e0000000,0x00000000e0000000,0x00000000ee600000)
  from space 14848K, 99% used [0x00000000ee600000,0x00000000ef4785d0,0x00000000ef480000)
  to   space 23040K, 0% used [0x00000000fa380000,0x00000000fa380000,0x00000000fba00000)
 ParOldGen       total 113152K, used 29303K [0x00000000a0000000, 0x00000000a6e80000, 0x00000000e0000000)
  object space 113152K, 25% used [0x00000000a0000000,0x00000000a1c9dc80,0x00000000a6e80000)
 Metaspace       used 53356K, capacity 55070K, committed 55168K, reserved 1097728K
  class space    used 7322K, capacity 7735K, committed 7808K, reserved 1048576K
}
Event: 8.821 GC heap before
{Heap before GC invocations=10 (full 2):
 PSYoungGen      total 250368K, used 87572K [0x00000000e0000000, 0x00000000fba00000, 0x0000000100000000)
  eden space 235520K, 30% used [0x00000000e0000000,0x00000000e470cde8,0x00000000ee600000)
  from space 14848K, 99% used [0x00000000ee600000,0x00000000ef4785d0,0x00000000ef480000)
  to   space 23040K, 0% used [0x00000000fa380000,0x00000000fa380000,0x00000000fba00000)
 ParOldGen       total 113152K, used 29303K [0x00000000a0000000, 0x00000000a6e80000, 0x00000000e0000000)
  object space 113152K, 25% used [0x00000000a0000000,0x00000000a1c9dc80,0x00000000a6e80000)
 Metaspace       used 57142K, capacity 59004K, committed 59096K, reserved 1099776K
  class space    used 7875K, capacity 8294K, committed 8320K, reserved 1048576K
Event: 8.838 GC heap after
Heap after GC invocations=10 (full 2):
 PSYoungGen      total 423936K, used 22158K [0x00000000e0000000, 0x00000000fba80000, 0x0000000100000000)
  eden space 400896K, 0% used [0x00000000e0000000,0x00000000e0000000,0x00000000f8780000)
  from space 23040K, 96% used [0x00000000fa380000,0x00000000fb9239e0,0x00000000fba00000)
  to   space 26112K, 0% used [0x00000000f8780000,0x00000000f8780000,0x00000000fa100000)
 ParOldGen       total 113152K, used 29311K [0x00000000a0000000, 0x00000000a6e80000, 0x00000000e0000000)
  object space 113152K, 25% used [0x00000000a0000000,0x00000000a1c9fc80,0x00000000a6e80000)
 Metaspace       used 57142K, capacity 59004K, committed 59096K, reserved 1099776K
  class space    used 7875K, capacity 8294K, committed 8320K, reserved 1048576K
}
Event: 8.838 GC heap before
{Heap before GC invocations=11 (full 3):
 PSYoungGen      total 423936K, used 22158K [0x00000000e0000000, 0x00000000fba80000, 0x0000000100000000)
  eden space 400896K, 0% used [0x00000000e0000000,0x00000000e0000000,0x00000000f8780000)
  from space 23040K, 96% used [0x00000000fa380000,0x00000000fb9239e0,0x00000000fba00000)
  to   space 26112K, 0% used [0x00000000f8780000,0x00000000f8780000,0x00000000fa100000)
 ParOldGen       total 113152K, used 29311K [0x00000000a0000000, 0x00000000a6e80000, 0x00000000e0000000)
  object space 113152K, 25% used [0x00000000a0000000,0x00000000a1c9fc80,0x00000000a6e80000)
 Metaspace       used 57142K, capacity 59004K, committed 59096K, reserved 1099776K
  class space    used 7875K, capacity 8294K, committed 8320K, reserved 1048576K
Event: 9.027 GC heap after
Heap after GC invocations=11 (full 3):
 PSYoungGen      total 423936K, used 0K [0x00000000e0000000, 0x00000000fba80000, 0x0000000100000000)
  eden space 400896K, 0% used [0x00000000e0000000,0x00000000e0000000,0x00000000f8780000)
  from space 23040K, 0% used [0x00000000fa380000,0x00000000fa380000,0x00000000fba00000)
  to   space 26112K, 0% used [0x00000000f8780000,0x00000000f8780000,0x00000000fa100000)
 ParOldGen       total 164864K, used 36404K [0x00000000a0000000, 0x00000000aa100000, 0x00000000e0000000)
  object space 164864K, 22% used [0x00000000a0000000,0x00000000a238d010,0x00000000aa100000)
 Metaspace       used 57142K, capacity 59004K, committed 59096K, reserved 1099776K
  class space    used 7875K, capacity 8294K, committed 8320K, reserved 1048576K
}
Event: 13.029 GC heap before
{Heap before GC invocations=12 (full 3):
 PSYoungGen      total 423936K, used 400896K [0x00000000e0000000, 0x00000000fba80000, 0x0000000100000000)
  eden space 400896K, 100% used [0x00000000e0000000,0x00000000f8780000,0x00000000f8780000)
  from space 23040K, 0% used [0x00000000fa380000,0x00000000fa380000,0x00000000fba00000)
  to   space 26112K, 0% used [0x00000000f8780000,0x00000000f8780000,0x00000000fa100000)
 ParOldGen       total 164864K, used 36404K [0x00000000a0000000, 0x00000000aa100000, 0x00000000e0000000)
  object space 164864K, 22% used [0x00000000a0000000,0x00000000a238d010,0x00000000aa100000)
 Metaspace       used 63542K, capacity 66274K, committed 66432K, reserved 1105920K
  class space    used 8631K, capacity 9239K, committed 9344K, reserved 1048576K
Event: 13.061 GC heap after
Heap after GC invocations=12 (full 3):
 PSYoungGen      total 427008K, used 17512K [0x00000000e0000000, 0x0000000100000000, 0x0000000100000000)
  eden space 400896K, 0% used [0x00000000e0000000,0x00000000e0000000,0x00000000f8780000)
  from space 26112K, 67% used [0x00000000f8780000,0x00000000f989a2d8,0x00000000fa100000)
  to   space 26624K, 0% used [0x00000000fe600000,0x00000000fe600000,0x0000000100000000)
 ParOldGen       total 164864K, used 36412K [0x00000000a0000000, 0x00000000aa100000, 0x00000000e0000000)
  object space 164864K, 22% used [0x00000000a0000000,0x00000000a238f010,0x00000000aa100000)
 Metaspace       used 63542K, capacity 66274K, committed 66432K, reserved 1105920K
  class space    used 8631K, capacity 9239K, committed 9344K, reserved 1048576K
}

Deoptimization events (10 events):
Event: 12.328 Thread 0x000000001e8b5800 Uncommon trap: reason=unstable_if action=reinterpret pc=0x0000000004335b0c method=com.sun.org.apache.xerces.internal.dom.ParentNode.nodeListItem(I)Lorg/w3c/dom/Node; @ 139
Event: 12.370 Thread 0x000000001e8b5800 Uncommon trap: reason=null_check action=make_not_entrant pc=0x00000000046262a8 method=com.android.ide.common.resources.NodeUtils.processSingleNodeNamespace(Lorg/w3c/dom/Node;Lorg/w3c/dom/Document;)Z @ 8
Event: 12.432 Thread 0x000000001e8b5800 Uncommon trap: reason=null_check action=make_not_entrant pc=0x000000000463dbc0 method=com.android.ide.common.resources.NodeUtils.processSingleNodeNamespace(Lorg/w3c/dom/Node;Lorg/w3c/dom/Document;)Z @ 8
Event: 12.509 Thread 0x000000001e8b5800 Uncommon trap: reason=unstable_if action=reinterpret pc=0x0000000004643f44 method=sun.nio.cs.UTF_8$Encoder.encodeArrayLoop(Ljava/nio/CharBuffer;Ljava/nio/ByteBuffer;)Ljava/nio/charset/CoderResult; @ 400
Event: 12.666 Thread 0x000000001aff1000 Uncommon trap: reason=unstable_if action=reinterpret pc=0x0000000003fba59c method=com.esotericsoftware.kryo.io.Output.writeUtf8Length(I)V @ 42
Event: 12.682 Thread 0x000000001f48f000 Uncommon trap: reason=unstable_if action=reinterpret pc=0x0000000002e8ce5c method=java.util.HashMap$HashIterator.<init>(Ljava/util/HashMap;)V @ 45
Event: 12.682 Thread 0x000000001f48f000 Uncommon trap: reason=unstable_if action=reinterpret pc=0x000000000465d7ac method=java.util.HashMap$HashIterator.<init>(Ljava/util/HashMap;)V @ 45
Event: 12.682 Thread 0x000000001f48f000 Uncommon trap: reason=unstable_if action=reinterpret pc=0x0000000003fbb48c method=java.util.HashMap$HashIterator.<init>(Ljava/util/HashMap;)V @ 45
Event: 13.074 Thread 0x000000001e8ba000 Uncommon trap: reason=unstable_if action=reinterpret pc=0x0000000003f9e248 method=com.google.common.collect.MapMakerInternalMap$Segment.drainKeyReferenceQueue(Ljava/lang/ref/ReferenceQueue;)V @ 8
Event: 13.074 Thread 0x000000001e8ba000 Uncommon trap: reason=unstable_if action=reinterpret pc=0x0000000003baddd0 method=com.google.common.collect.MapMakerInternalMap$Segment.drainKeyReferenceQueue(Ljava/lang/ref/ReferenceQueue;)V @ 8

Classes redefined (0 events):
No events

Internal exceptions (10 events):
Event: 12.276 Thread 0x000000001e8b5800 Exception <a 'java/lang/NoSuchMethodError': <clinit>> (0x00000000f3910498) thrown at [D:\src\AOSP-openjdk-cygwin\jdk8u\hotspot\src\share\vm\prims\jni.cpp, line 1614]
Event: 12.277 Thread 0x000000001e8b5800 Exception <a 'java/lang/NoSuchMethodError': <clinit>> (0x00000000f392dad0) thrown at [D:\src\AOSP-openjdk-cygwin\jdk8u\hotspot\src\share\vm\prims\jni.cpp, line 1614]
Event: 12.277 Thread 0x000000001e8b5800 Exception <a 'java/lang/NoSuchMethodError': <clinit>> (0x00000000f3940f90) thrown at [D:\src\AOSP-openjdk-cygwin\jdk8u\hotspot\src\share\vm\prims\jni.cpp, line 1614]
Event: 12.370 Thread 0x000000001e8b5800 Implicit null exception at 0x0000000004625f17 to 0x0000000004626299
Event: 12.432 Thread 0x000000001e8b5800 Implicit null exception at 0x000000000463b887 to 0x000000000463db89
Event: 12.551 Thread 0x000000001e8b5800 Exception <a 'java/lang/NoSuchMethodError': <clinit>> (0x00000000f589c380) thrown at [D:\src\AOSP-openjdk-cygwin\jdk8u\hotspot\src\share\vm\prims\jni.cpp, line 1614]
Event: 12.551 Thread 0x000000001e8b5800 Exception <a 'java/lang/NoSuchMethodError': <clinit>> (0x00000000f58b7830) thrown at [D:\src\AOSP-openjdk-cygwin\jdk8u\hotspot\src\share\vm\prims\jni.cpp, line 1614]
Event: 12.551 Thread 0x000000001e8b5800 Exception <a 'java/lang/NoSuchMethodError': <clinit>> (0x00000000f58bc718) thrown at [D:\src\AOSP-openjdk-cygwin\jdk8u\hotspot\src\share\vm\prims\jni.cpp, line 1614]
Event: 12.552 Thread 0x000000001e8b5800 Exception <a 'java/lang/NoSuchMethodError': <clinit>> (0x00000000f58cdc70) thrown at [D:\src\AOSP-openjdk-cygwin\jdk8u\hotspot\src\share\vm\prims\jni.cpp, line 1614]
Event: 12.659 Thread 0x000000001e8b5800 Exception <a 'java/lang/reflect/InvocationTargetException'> (0x00000000f7894358) thrown at [D:\src\AOSP-openjdk-cygwin\jdk8u\hotspot\src\share\vm\runtime\reflection.cpp, line 1092]

Events (10 events):
Event: 13.079 Thread 0x00000000168dd800 flushing nmethod 0x0000000002f51cd0
Event: 13.079 Thread 0x00000000168dd800 flushing nmethod 0x0000000002f61410
Event: 13.079 Thread 0x00000000168dd800 flushing nmethod 0x0000000002f99f50
Event: 13.082 Thread 0x00000000168dd800 flushing nmethod 0x00000000030234d0
Event: 13.082 Thread 0x00000000168dd800 flushing nmethod 0x0000000003034610
Event: 13.082 Thread 0x00000000168dd800 flushing nmethod 0x0000000003052d50
Event: 13.082 Thread 0x00000000168dd800 flushing nmethod 0x0000000003062010
Event: 13.082 Thread 0x00000000168dd800 flushing nmethod 0x0000000003098850
Event: 13.082 Thread 0x00000000168dd800 flushing nmethod 0x00000000030baf50
Event: 13.082 Thread 0x00000000168dd800 flushing nmethod 0x00000000030bc250


Dynamic libraries:
0x00007ff7dc610000 - 0x00007ff7dc641000 	C:\Program Files\Android\Android Studio\jre\bin\java.exe
0x00007ffcd19d0000 - 0x00007ffcd1bc4000 	C:\Windows\SYSTEM32\ntdll.dll
0x00007ffcd0f60000 - 0x00007ffcd101d000 	C:\Windows\System32\KERNEL32.DLL
0x00007ffccf1f0000 - 0x00007ffccf4b7000 	C:\Windows\System32\KERNELBASE.dll
0x00007ffccca70000 - 0x00007ffcccb00000 	C:\Windows\SYSTEM32\apphelp.dll
0x00007ffcd1020000 - 0x00007ffcd10ca000 	C:\Windows\System32\ADVAPI32.dll
0x00007ffcd10d0000 - 0x00007ffcd116e000 	C:\Windows\System32\msvcrt.dll
0x00007ffcd17b0000 - 0x00007ffcd184b000 	C:\Windows\System32\sechost.dll
0x00007ffcd1420000 - 0x00007ffcd1543000 	C:\Windows\System32\RPCRT4.dll
0x00007ffcd1550000 - 0x00007ffcd16f0000 	C:\Windows\System32\USER32.dll
0x00007ffccf110000 - 0x00007ffccf132000 	C:\Windows\System32\win32u.dll
0x00007ffcd02a0000 - 0x00007ffcd02ca000 	C:\Windows\System32\GDI32.dll
0x00007ffccf920000 - 0x00007ffccfa2a000 	C:\Windows\System32\gdi32full.dll
0x00007ffccf4c0000 - 0x00007ffccf55d000 	C:\Windows\System32\msvcp_win.dll
0x00007ffccf560000 - 0x00007ffccf660000 	C:\Windows\System32\ucrtbase.dll
0x00007ffcbdf30000 - 0x00007ffcbe1ca000 	C:\Windows\WinSxS\amd64_microsoft.windows.common-controls_6595b64144ccf1df_6.0.19041.1_none_b555e41d4684ddec\COMCTL32.dll
0x00007ffcd0b70000 - 0x00007ffcd0ba0000 	C:\Windows\System32\IMM32.DLL
0x0000000062240000 - 0x0000000062312000 	C:\Program Files\Android\Android Studio\jre\jre\bin\msvcr100.dll
0x0000000062480000 - 0x0000000062cc6000 	C:\Program Files\Android\Android Studio\jre\jre\bin\server\jvm.dll
0x00007ffccfbc0000 - 0x00007ffccfbc8000 	C:\Windows\System32\PSAPI.DLL
0x00007ffcc20f0000 - 0x00007ffcc20f9000 	C:\Windows\SYSTEM32\WSOCK32.dll
0x00007ffcc6360000 - 0x00007ffcc6387000 	C:\Windows\SYSTEM32\WINMM.dll
0x00007ffcc7360000 - 0x00007ffcc736a000 	C:\Windows\SYSTEM32\VERSION.dll
0x00007ffcd1170000 - 0x00007ffcd11db000 	C:\Windows\System32\WS2_32.dll
0x00007ffcbad50000 - 0x00007ffcbad5f000 	C:\Program Files\Android\Android Studio\jre\jre\bin\verify.dll
0x00007ffca25a0000 - 0x00007ffca25c9000 	C:\Program Files\Android\Android Studio\jre\jre\bin\java.dll
0x00007ffca2580000 - 0x00007ffca2596000 	C:\Program Files\Android\Android Studio\jre\jre\bin\zip.dll
0x00007ffcd0430000 - 0x00007ffcd0b61000 	C:\Windows\System32\SHELL32.dll
0x00007ffccd2c0000 - 0x00007ffccda4a000 	C:\Windows\SYSTEM32\windows.storage.dll
0x00007ffcd0ba0000 - 0x00007ffcd0ef4000 	C:\Windows\System32\combase.dll
0x00007ffcceb90000 - 0x00007ffccebbb000 	C:\Windows\SYSTEM32\Wldp.dll
0x00007ffccfb10000 - 0x00007ffccfbbe000 	C:\Windows\System32\SHCORE.dll
0x00007ffcd0f00000 - 0x00007ffcd0f55000 	C:\Windows\System32\shlwapi.dll
0x00007ffccf050000 - 0x00007ffccf06f000 	C:\Windows\SYSTEM32\profapi.dll
0x00007ffca2560000 - 0x00007ffca257a000 	C:\Program Files\Android\Android Studio\jre\jre\bin\net.dll
0x00007ffcc70c0000 - 0x00007ffcc72ad000 	C:\Windows\SYSTEM32\urlmon.dll
0x00007ffcc78d0000 - 0x00007ffcc7b7e000 	C:\Windows\SYSTEM32\iertutil.dll
0x00007ffcce910000 - 0x00007ffcce97a000 	C:\Windows\system32\mswsock.dll
0x00007ffca2540000 - 0x00007ffca2553000 	C:\Program Files\Android\Android Studio\jre\jre\bin\nio.dll
0x00007ffcca7e0000 - 0x00007ffcca806000 	C:\Users\Alesi\.gradle\native\30\windows-amd64\native-platform.dll
0x00007ffcb9770000 - 0x00007ffcb977d000 	C:\Program Files\Android\Android Studio\jre\jre\bin\management.dll
0x00007ffcceae0000 - 0x00007ffcceaf8000 	C:\Windows\SYSTEM32\CRYPTSP.dll
0x00007ffcce230000 - 0x00007ffcce264000 	C:\Windows\system32\rsaenh.dll
0x00007ffccf140000 - 0x00007ffccf167000 	C:\Windows\System32\bcrypt.dll
0x00007ffccefd0000 - 0x00007ffcceffe000 	C:\Windows\SYSTEM32\USERENV.dll
0x00007ffccf170000 - 0x00007ffccf1ef000 	C:\Windows\System32\bcryptprimitives.dll
0x00007ffcceb00000 - 0x00007ffcceb0c000 	C:\Windows\SYSTEM32\CRYPTBASE.dll
0x00007ffcce5b0000 - 0x00007ffcce5eb000 	C:\Windows\SYSTEM32\IPHLPAPI.DLL
0x00007ffcd0420000 - 0x00007ffcd0429000 	C:\Windows\System32\NSI.dll
0x00007ffcc78b0000 - 0x00007ffcc78c7000 	C:\Windows\SYSTEM32\dhcpcsvc6.DLL
0x00007ffcc7890000 - 0x00007ffcc78ad000 	C:\Windows\SYSTEM32\dhcpcsvc.DLL
0x00007ffcce600000 - 0x00007ffcce6ca000 	C:\Windows\SYSTEM32\DNSAPI.dll

VM Arguments:
jvm_args: -Xmx1536m -Dfile.encoding=windows-1252 -Duser.country=IT -Duser.language=it -Duser.variant 
java_command: org.gradle.launcher.daemon.bootstrap.GradleDaemon 5.6.4
java_class_path (initial): C:\Users\Alesi\.gradle\wrapper\dists\gradle-5.6.4-all\ankdp27end7byghfw1q2sw75f\gradle-5.6.4\lib\gradle-launcher-5.6.4.jar
Launcher Type: SUN_STANDARD

Environment Variables:
PATH=C:\Program Files\AdoptOpenJDK\jdk-11.0.6.10-hotspot\bin;C:\Windows\system32;C:\Windows;C:\Windows\System32\Wbem;C:\Windows\System32\WindowsPowerShell\v1.0\;C:\Program Files\Microsoft VS Code\bin;C:\Users\Alesi\AppData\Local\Microsoft\WindowsApps;C:\Users\Alesi\AppData\Local\GitHubDesktop\bin;C:\Users\Alesi\AppData\Local\GitHubDesktop\app-2.3.1\resources\app\git\mingw64\bin;C:\xampp\php
USERNAME=Alesi
OS=Windows_NT
PROCESSOR_IDENTIFIER=Intel64 Family 6 Model 60 Stepping 3, GenuineIntel



---------------  S Y S T E M  ---------------

OS: Windows 10.0 , 64 bit Build 19041 (10.0.19041.1)

CPU:total 8 (initial active 8) (4 cores per cpu, 2 threads per core) family 6 model 60 stepping 3, cmov, cx8, fxsr, mmx, sse, sse2, sse3, ssse3, sse4.1, sse4.2, popcnt, avx, avx2, aes, clmul, erms, lzcnt, ht, tsc, tscinvbit, bmi1, bmi2

Memory: 4k page, physical 16694504k(3239284k free), swap 16694504k(4196k free)

vm_info: OpenJDK 64-Bit Server VM (25.212-b04) for windows-amd64 JRE (1.8.0_212-release-1586-b04), built by "builder" with MS VC++ 10.0 (VS2010)

time: Fri Apr 24 19:24:45 2020
timezone: ora legale Europa occidentale
elapsed time: 13 seconds (0d 0h 0m 13s)

